#
# There is insufficient memory for the Java Runtime Environment to continue.
# Native memory allocation (mmap) failed to map 67108864 bytes for Failed to commit area from 0x00000000c1600000 to 0x00000000c5600000 of length 67108864.
# Possible reasons:
#   The system is out of physical RAM or swap space
#   The process is running with CompressedOops enabled, and the Java Heap may be blocking the growth of the native heap
# Possible solutions:
#   Reduce memory load on the system
#   Increase physical memory or swap space
#   Check if swap backing store is full
#   Decrease Java heap size (-Xmx/-Xms)
#   Decrease number of Java threads
#   Decrease Java thread stack sizes (-Xss)
#   Set larger code cache with -XX:ReservedCodeCacheSize=
# This output file may be truncated or incomplete.
#
#  Out of Memory Error (c:/BuildAgent/work/494cbf65e275b67e/src/hotspot/os/windows/os_windows.cpp:3272), pid=14292, tid=1540
#
# JRE version:  (11.0.3+12) (build )
# Java VM: OpenJDK 64-Bit Server VM (11.0.3+12-b304.10, mixed mode, aot, sharing, tiered, compressed oops, g1 gc, windows-amd64)
# No core dump will be written. Minidumps are not enabled by default on client versions of Windows
#

---------------  S U M M A R Y ------------

Command Line: org.jetbrains.git4idea.http.GitAskPassApp Username for 'https://github.com': 

Host: Intel(R) Core(TM) i5-7200U CPU @ 2.50GHz, 4 cores, 3G,  Windows 10 , 64 bit Build 17134 (10.0.17134.1)
Time: Sun Aug 16 17:05:38 2020 RTZ 2 (ceia) elapsed time: 0 seconds (0d 0h 0m 0s)

---------------  T H R E A D  ---------------

Current thread (0x000001641d235800):  JavaThread "Unknown thread" [_thread_in_vm, id=1540, stack(0x00000062faa00000,0x00000062fab00000)]

Stack: [0x00000062faa00000,0x00000062fab00000]
Native frames: (J=compiled Java code, j=interpreted, Vv=VM code, C=native code)
V  [jvm.dll+0x5da77a]
V  [jvm.dll+0x70b9c9]
V  [jvm.dll+0x70cee8]
V  [jvm.dll+0x70d5b3]
V  [jvm.dll+0x23ddc8]
V  [jvm.dll+0x5d7ef4]
V  [jvm.dll+0x5ccfc5]
V  [jvm.dll+0x2fa44b]
V  [jvm.dll+0x2fa3ba]
V  [jvm.dll+0x2fa292]
V  [jvm.dll+0x2ff156]
V  [jvm.dll+0x3474c3]
V  [jvm.dll+0x347bc6]
V  [jvm.dll+0x3475c3]
V  [jvm.dll+0x2d4f68]
V  [jvm.dll+0x2d6107]
V  [jvm.dll+0x6eabf7]
V  [jvm.dll+0x6ec38c]
V  [jvm.dll+0x354c29]
V  [jvm.dll+0x6d28ae]
V  [jvm.dll+0x3bd363]
V  [jvm.dll+0x3bf7a1]
C  [java.exe+0x3763]
C  [java.exe+0x17a0c]
C  [KERNEL32.DLL+0x13034]
C  [ntdll.dll+0x71551]


---------------  P R O C E S S  ---------------

Threads class SMR info:
_java_thread_list=0x000001641b9358a0, length=0, elements={
}

Java Threads: ( => current thread )

Other Threads:
  0x000001641d24b800 GCTaskThread "GC Thread#0" [stack: 0x00000062fab00000,0x00000062fac00000] [id=4884]
  0x000001641d266800 ConcurrentGCThread "G1 Main Marker" [stack: 0x00000062fac00000,0x00000062fad00000] [id=6744]
  0x000001641d268000 ConcurrentGCThread "G1 Conc#0" [stack: 0x00000062fad00000,0x00000062fae00000] [id=6740]

[error occurred during error reporting (printing all threads), id 0xc0000005, EXCEPTION_ACCESS_VIOLATION (0xc0000005) at pc=0x00007ff881565507]

VM state:not at safepoint (not fully initialized)

VM Mutex/Monitor currently owned by a thread:  ([mutex/lock_event])
[0x000001641d232fc0] Heap_lock - owner thread: 0x000001641d235800

Heap address: 0x00000000c1600000, size: 1002 MB, Compressed Oops mode: Non-zero based: 0x00000000c1600000
Narrow klass base: 0x0000000000000000, Narrow klass shift: 0

GC Heap History (0 events):
No events

Deoptimization events (0 events):
No events

Classes redefined (0 events):
No events

Internal exceptions (0 events):
No events

Events (0 events):
No events


Dynamic libraries:
0x00007ff78ba00000 - 0x00007ff78ba47000 	C:\Soft\WebStorm 2019.2\jbr\bin\java.exe
0x00007ff8ba8d0000 - 0x00007ff8baab1000 	C:\Windows\SYSTEM32\ntdll.dll
0x00007ff8b8570000 - 0x00007ff8b8622000 	C:\Windows\System32\KERNEL32.DLL
0x00007ff8b79e0000 - 0x00007ff8b7c53000 	C:\Windows\System32\KERNELBASE.dll
0x00007ff8ba640000 - 0x00007ff8ba7d0000 	C:\Windows\System32\USER32.dll
0x00007ff8b7c60000 - 0x00007ff8b7c80000 	C:\Windows\System32\win32u.dll
0x00007ff8b8260000 - 0x00007ff8b8288000 	C:\Windows\System32\GDI32.dll
0x00007ff8b77a0000 - 0x00007ff8b7932000 	C:\Windows\System32\gdi32full.dll
0x00007ff8b7940000 - 0x00007ff8b79df000 	C:\Windows\System32\msvcp_win.dll
0x00007ff8b6cf0000 - 0x00007ff8b6dea000 	C:\Windows\System32\ucrtbase.dll
0x00007ff8a3820000 - 0x00007ff8a3a89000 	C:\Windows\WinSxS\amd64_microsoft.windows.common-controls_6595b64144ccf1df_6.0.17134.48_none_b4b2216a3cb4dd3e\COMCTL32.dll
0x00007ff8b8790000 - 0x00007ff8b882e000 	C:\Windows\System32\msvcrt.dll
0x00007ff8b9ca0000 - 0x00007ff8b9fc3000 	C:\Windows\System32\combase.dll
0x00007ff8ba510000 - 0x00007ff8ba634000 	C:\Windows\System32\RPCRT4.dll
0x00007ff8b7ce0000 - 0x00007ff8b7d5a000 	C:\Windows\System32\bcryptPrimitives.dll
0x00007ff8b9c70000 - 0x00007ff8b9c9d000 	C:\Windows\System32\IMM32.DLL
0x00007ff8a3490000 - 0x00007ff8a34a7000 	C:\Soft\WebStorm 2019.2\jbr\bin\vcruntime140.dll
0x00007ff894780000 - 0x00007ff89481d000 	C:\Soft\WebStorm 2019.2\jbr\bin\msvcp140.dll
0x00007ff881280000 - 0x00007ff881d37000 	C:\Soft\WebStorm 2019.2\jbr\bin\server\jvm.dll
0x00007ff8b81b0000 - 0x00007ff8b8251000 	C:\Windows\System32\ADVAPI32.dll
0x00007ff8ba830000 - 0x00007ff8ba88b000 	C:\Windows\System32\sechost.dll
0x00007ff8b8310000 - 0x00007ff8b8318000 	C:\Windows\System32\PSAPI.DLL
0x00007ff8b4b90000 - 0x00007ff8b4bb3000 	C:\Windows\SYSTEM32\WINMM.dll
0x00007ff8b14d0000 - 0x00007ff8b14da000 	C:\Windows\SYSTEM32\VERSION.dll
0x00007ff8b1510000 - 0x00007ff8b1519000 	C:\Windows\SYSTEM32\WSOCK32.dll
0x00007ff8b4a40000 - 0x00007ff8b4a6a000 	C:\Windows\SYSTEM32\winmmbase.dll
0x00007ff8b8630000 - 0x00007ff8b869c000 	C:\Windows\System32\WS2_32.dll
0x00007ff8b6ca0000 - 0x00007ff8b6ce9000 	C:\Windows\System32\cfgmgr32.dll
0x00007ff8b6c50000 - 0x00007ff8b6c61000 	C:\Windows\System32\kernel.appcore.dll
0x00007ff8b14f0000 - 0x00007ff8b1501000 	C:\Soft\WebStorm 2019.2\jbr\bin\verify.dll
0x00007ff8a5170000 - 0x00007ff8a5339000 	C:\Windows\SYSTEM32\DBGHELP.DLL
0x00007ff8a42c0000 - 0x00007ff8a42e9000 	C:\Windows\SYSTEM32\dbgcore.DLL
0x00007ff8b1370000 - 0x00007ff8b1399000 	C:\Soft\WebStorm 2019.2\jbr\bin\java.dll
0x00007ff8b0160000 - 0x00007ff8b0177000 	C:\Soft\WebStorm 2019.2\jbr\bin\zip.dll
0x00007ff8b1360000 - 0x00007ff8b136b000 	C:\Soft\WebStorm 2019.2\jbr\bin\jimage.dll

dbghelp: loaded successfully - version: 4.0.5 - missing functions: none
symbol engine: initialized successfully - sym options: 0x614 - pdb path: .;C:\Soft\WebStorm 2019.2\jbr\bin;C:\Windows\SYSTEM32;C:\Windows\WinSxS\amd64_microsoft.windows.common-controls_6595b64144ccf1df_6.0.17134.48_none_b4b2216a3cb4dd3e;C:\Soft\WebStorm 2019.2\jbr\bin\server

VM Arguments:
java_command: org.jetbrains.git4idea.http.GitAskPassApp Username for 'https://github.com': 
java_class_path (initial): C:/Soft/WebStorm 2019.2/plugins/git4idea/lib/git4idea-rt.jar;C:/Soft/WebStorm 2019.2/lib/xmlrpc-2.0.1.jar;C:/Soft/WebStorm 2019.2/lib/commons-codec-1.12.jar;C:/Soft/WebStorm 2019.2/lib/util.jar
Launcher Type: SUN_STANDARD

[Global flags]
     intx CICompilerCount                          = 3                                         {product} {ergonomic}
     uint ConcGCThreads                            = 1                                         {product} {ergonomic}
     uint G1ConcRefinementThreads                  = 4                                         {product} {ergonomic}
   size_t G1HeapRegionSize                         = 1048576                                   {product} {ergonomic}
    uintx GCDrainStackTargetSize                   = 64                                        {product} {ergonomic}
   size_t InitialHeapSize                          = 67108864                                  {product} {ergonomic}
   size_t MarkStackSize                            = 4194304                                   {product} {ergonomic}
   size_t MaxHeapSize                              = 1050673152                                {product} {ergonomic}
   size_t MinHeapDeltaBytes                        = 1048576                                   {product} {ergonomic}
    uintx NonNMethodCodeHeapSize                   = 5830092                                {pd product} {ergonomic}
    uintx NonProfiledCodeHeapSize                  = 122914074                              {pd product} {ergonomic}
    uintx ProfiledCodeHeapSize                     = 122914074                              {pd product} {ergonomic}
    uintx ReservedCodeCacheSize                    = 251658240                              {pd product} {ergonomic}
     bool SegmentedCodeCache                       = true                                      {product} {ergonomic}
     bool UseCompressedClassPointers               = true                                 {lp64_product} {ergonomic}
     bool UseCompressedOops                        = true                                 {lp64_product} {ergonomic}
     bool UseG1GC                                  = true                                      {product} {ergonomic}
     bool UseLargePagesIndividualAllocation        = false                                  {pd product} {ergonomic}

Logging:
Log output configuration:
 #0: stdout all=warning uptime,level,tags
 #1: stderr all=off uptime,level,tags

Environment Variables:
PATH=C:/Soft/Git/mingw64/libexec/git-core;C:/Soft/Git/mingw64/libexec/git-core;C:\Soft\Git\mingw64\bin;C:\Soft\Git\usr\bin;C:\Users\xxx\bin;C:\Soft\WebStorm 2019.2\jbr\\bin;C:\Soft\WebStorm 2019.2\jbr\\bin\server;C:\Program Files (x86)\Common Files\Intel\Shared Libraries\redist\intel64_win\compiler;C:\Windows\system32;C:\Windows;C:\Windows\System32\Wbem;C:\Windows\System32\WindowsPowerShell\v1.0\;C:\Windows\System32\OpenSSH\;C:\Program Files (x86)\Common Files\Acronis\SnapAPI\;C:\Program Files (x86)\NVIDIA Corporation\PhysX\Common;C:\Soft\PuTTY0.72\;C:\Program Files (x86)\Intel\OpenCL SDK\2.0\bin\x86;C:\Program Files (x86)\Intel\OpenCL SDK\2.0\bin\x64;C:\Program Files\nodejs\;C:\Soft\Git\cmd;C:\Soft\Python37\Scripts\;C:\Soft\Python37\;C:\Users\xxx\AppData\Local\Microsoft\WindowsApps;C:\Soft\Microsoft VS Code\bin;C:\Users\xxx\AppData\Roaming\npm;C:\Program Files\JetBrains\PyCharm Community Edition 2020.1.2\bin;c:\Soft\PHP\php-7.2.32\;C:\Users\xxx\AppData\Local\atom\bin;C:\Soft\WebStorm 2019.2\bin;C:\Soft\PhpStorm 2020.1.1\bin;C:\Users\xxx\AppData\Local\GitHubDesktop\bin
USERNAME=xxx
DISPLAY=:0.0
OS=Windows_NT
PROCESSOR_IDENTIFIER=Intel64 Family 6 Model 142 Stepping 9, GenuineIntel



---------------  S Y S T E M  ---------------

OS: Windows 10 , 64 bit Build 17134 (10.0.17134.1)

CPU:total 4 (initial active 4) (2 cores per cpu, 2 threads per core) family 6 model 142 stepping 9, cmov, cx8, fxsr, mmx, sse, sse2, sse3, ssse3, sse4.1, sse4.2, popcnt, avx, avx2, aes, clmul, erms, 3dnowpref, lzcnt, ht, tsc, tscinvbit, bmi1, bmi2, adx, fma

Memory: 4k page, system-wide physical 4004M (137M free)
TotalPageFile size 8004M (AvailPageFile size 5M)
current process WorkingSet (physical memory assigned to process): 9M, peak: 9M
current process commit charge ("private bytes"): 51M, peak: 115M

vm_info: OpenJDK 64-Bit Server VM (11.0.3+12-b304.10) for windows-amd64 JRE (11.0.3+12-b304.10), built on Jun 25 2019 07:10:45 by "" with MS VC++ 14.0 (VS2015)

END.
